<?xml version="1.0" encoding="UTF-8"?>
<testng-results skipped="0" failed="0" total="1" passed="1">
  <reporter-output>
  </reporter-output>
  <suite name="Default suite" duration-ms="7828" started-at="2019-12-17T16:20:40Z" finished-at="2019-12-17T16:20:48Z">
    <groups>
    </groups>
    <test name="Default test" duration-ms="7828" started-at="2019-12-17T16:20:40Z" finished-at="2019-12-17T16:20:48Z">
      <class name="Screenshot2">
        <test-method status="PASS" signature="testGuru99TakeScreenShot()[pri:0, instance:Screenshot2@7ca48474]" name="testGuru99TakeScreenShot" duration-ms="7373" started-at="2019-12-17T21:50:40Z" finished-at="2019-12-17T21:50:48Z">
          <reporter-output>
          </reporter-output>
        </test-method> <!-- testGuru99TakeScreenShot -->
        <test-method status="PASS" signature="closeBrowser()[pri:0, instance:Screenshot2@7ca48474]" name="closeBrowser" is-config="true" duration-ms="441" started-at="2019-12-17T21:50:48Z" finished-at="2019-12-17T21:50:48Z">
          <reporter-output>
          </reporter-output>
        </test-method> <!-- closeBrowser -->
      </class> <!-- Screenshot2 -->
    </test> <!-- Default test -->
  </suite> <!-- Default suite -->
</testng-results>
